<?xml version="1.0" encoding="UTF-8"?>
<!-- Generated by org.testng.reporters.JUnitReportReporter -->
<testsuite skipped="0" hostname="POM-Machine-WAFO" name="demo.TestNGDependencyDemo" tests="1" failures="0" timestamp="2021-11-17T16:24:32 CET" time="0.058" errors="0">
  <testcase name="test2" time="0.058" classname="demo.TestNGDependencyDemo"/>
  <system-out/>
</testsuite> <!-- demo.TestNGDependencyDemo -->
