<?xml version="1.0" encoding="UTF-8"?>
<!-- Generated by org.testng.reporters.JUnitReportReporter -->
<testsuite skipped="0" hostname="POM-Machine-WAFO" name="demo.TestNGParameterDemo" tests="2" failures="0" timestamp="2021-11-17T12:30:08 CET" time="0.029" errors="0">
  <testcase name="test1" time="0.006" classname="demo.TestNGParameterDemo"/>
  <system-out/>
  <testcase name="test" time="0.023" classname="demo.TestNGParameterDemo"/>
  <system-out/>
</testsuite> <!-- demo.TestNGParameterDemo -->
