<?xml version="1.0" encoding="UTF-8"?>
<!-- Generated by org.testng.reporters.JUnitReportReporter -->
<testsuite skipped="0" hostname="POM-Machine-WAFO" name="test.ExtentReportsDemoWithTestNG" tests="2" failures="0" timestamp="2021-11-04T13:56:14 CET" time="0.105" errors="0">
  <testcase name="test2" time="0.009" classname="test.ExtentReportsDemoWithTestNG"/>
  <system-out/>
  <testcase name="test1" time="0.096" classname="test.ExtentReportsDemoWithTestNG"/>
  <system-out/>
</testsuite> <!-- test.ExtentReportsDemoWithTestNG -->
