<?xml version="1.0" encoding="UTF-8"?>
<!-- Generated by org.testng.reporters.JUnitReportReporter -->
<testsuite skipped="0" hostname="POM-Machine-WAFO" name="listeners.TestNGListenerDemo" tests="4" failures="0" timestamp="2021-11-16T12:10:14 CET" time="22.476" errors="0">
  <testcase name="test3" time="0.016" classname="listeners.TestNGListenerDemo"/>
  <system-out/>
  <testcase name="testSelenium" time="22.410" classname="listeners.TestNGListenerDemo"/>
  <system-out/>
  <testcase name="test1" time="0.037" classname="listeners.TestNGListenerDemo"/>
  <system-out/>
  <testcase name="test2" time="0.013" classname="listeners.TestNGListenerDemo"/>
  <system-out/>
</testsuite> <!-- listeners.TestNGListenerDemo -->
