<?xml version="1.0" encoding="UTF-8"?>
<!-- Generated by org.testng.reporters.JUnitReportReporter -->
<testsuite skipped="0" hostname="POM-Machine-WAFO" name="demo.TestNGIgnoreDemo" tests="1" failures="0" timestamp="2021-11-17T16:34:26 CET" time="0.031" errors="0">
  <testcase name="test2" time="0.031" classname="demo.TestNGIgnoreDemo"/>
  <system-out/>
</testsuite> <!-- demo.TestNGIgnoreDemo -->
