<?xml version="1.0" encoding="UTF-8"?>
<!-- Generated by org.testng.reporters.JUnitReportReporter -->
<testsuite skipped="0" hostname="POM-Machine-WAFO" name="test.TestING_Demo2" tests="1" failures="0" timestamp="2021-11-05T16:30:21 CET" time="11.496" errors="0">
  <testcase name="googleSearch" time="11.496" classname="test.TestING_Demo2"/>
  <system-out/>
</testsuite> <!-- test.TestING_Demo2 -->
