<?xml version="1.0" encoding="UTF-8"?>
<!-- Generated by org.testng.reporters.JUnitReportReporter -->
<testsuite skipped="0" hostname="POM-Machine-WAFO" name="demo.TestNGMultiBrowserDemo" tests="3" failures="0" timestamp="2021-11-16T15:36:26 CET" time="22.051" errors="0">
  <testcase name="test1" time="7.723" classname="demo.TestNGMultiBrowserDemo"/>
  <system-out/>
  <testcase name="test1" time="5.773" classname="demo.TestNGMultiBrowserDemo"/>
  <system-out/>
  <testcase name="test1" time="8.555" classname="demo.TestNGMultiBrowserDemo"/>
  <system-out/>
</testsuite> <!-- demo.TestNGMultiBrowserDemo -->
