<?xml version="1.0" encoding="UTF-8"?>
<!-- Generated by org.testng.reporters.JUnitReportReporter -->
<testsuite skipped="0" hostname="POM-Machine-WAFO" name="test.TestING_Demo" tests="1" failures="0" timestamp="2021-11-08T17:12:28 CET" time="7.319" errors="0">
  <testcase name="googleSearch" time="7.319" classname="test.TestING_Demo"/>
  <system-out/>
</testsuite> <!-- test.TestING_Demo -->
