<?xml version="1.0" encoding="UTF-8"?>
<!-- Generated by org.testng.reporters.JUnitReportReporter -->
<testsuite skipped="0" hostname="POM-Machine-WAFO" name="listeners.TestNGListenerDemo2" tests="3" failures="0" timestamp="2021-11-16T12:10:14 CET" time="0.011" errors="0">
  <testcase name="test4" time="0.004" classname="listeners.TestNGListenerDemo2"/>
  <system-out/>
  <testcase name="test5" time="0.005" classname="listeners.TestNGListenerDemo2"/>
  <system-out/>
  <testcase name="test6" time="0.002" classname="listeners.TestNGListenerDemo2"/>
  <system-out/>
</testsuite> <!-- listeners.TestNGListenerDemo2 -->
