<?xml version="1.0" encoding="UTF-8"?>
<!-- Generated by org.testng.reporters.JUnitReportReporter -->
<testsuite skipped="0" hostname="POM-Machine-WAFO" name="demo.LoginTestOrangeHrm" tests="1" failures="0" timestamp="2021-11-22T10:58:33 CET" time="7.076" errors="0">
  <testcase name="testLoginTestOrangeHrm" time="7.076" classname="demo.LoginTestOrangeHrm"/>
  <system-out/>
</testsuite> <!-- demo.LoginTestOrangeHrm -->
