<?xml version="1.0" encoding="UTF-8"?>
<!-- Generated by org.testng.reporters.JUnitReportReporter -->
<testsuite skipped="0" hostname="POM-Machine-WAFO" name="demo.TestNGPriorityDemo" tests="3" failures="0" timestamp="2021-11-16T12:18:32 CET" time="0.055" errors="0">
  <testcase name="test3" time="0.042" classname="demo.TestNGPriorityDemo"/>
  <system-out/>
  <testcase name="test2" time="0.003" classname="demo.TestNGPriorityDemo"/>
  <system-out/>
  <testcase name="test1" time="0.010" classname="demo.TestNGPriorityDemo"/>
  <system-out/>
</testsuite> <!-- demo.TestNGPriorityDemo -->
