<?xml version="1.0" encoding="UTF-8"?>
<!-- Generated by org.testng.reporters.JUnitReportReporter -->
<testsuite skipped="0" hostname="POM-Machine-WAFO" name="demo.TestNGGroupsDemo" tests="6" failures="0" timestamp="2021-11-17T12:57:19 CET" time="0.042" errors="0">
  <testcase name="test2" time="0.004" classname="demo.TestNGGroupsDemo"/>
  <system-out/>
  <testcase name="test3" time="0.005" classname="demo.TestNGGroupsDemo"/>
  <system-out/>
  <testcase name="test5" time="0.003" classname="demo.TestNGGroupsDemo"/>
  <system-out/>
  <testcase name="test4" time="0.005" classname="demo.TestNGGroupsDemo"/>
  <system-out/>
  <testcase name="test6" time="0.004" classname="demo.TestNGGroupsDemo"/>
  <system-out/>
  <testcase name="test1" time="0.021" classname="demo.TestNGGroupsDemo"/>
  <system-out/>
</testsuite> <!-- demo.TestNGGroupsDemo -->
